Using pre-set license
Built from '6000.0/staging' branch; Version is '6000.0.31f1 (a206c360e2a8) revision 10618563'; Using compiler version '193933523'; Build Type 'Release'
OS: 'Windows 11  (10.0.26100) 64bit CoreSingleLanguage' Language: 'en' Physical Memory: 16091 MB
BatchMode: 1, IsHumanControllingUs: 0, StartBugReporterOnCrash: 0, Is64bit: 1, IsPro: 1

COMMAND LINE ARGUMENTS:
D:\Downloads\6000.0.31f1\Editor\Unity.exe
-adb2
-batchMode
-noUpm
-name
AssetImportWorker2
-projectPath
D:/UNITY PROJECTS/Procedural Gen
-logFile
Logs/AssetImportWorker2.log
-srvPort
58788
-job-worker-count
7
-background-job-worker-count
8
-gc-helper-count
1
Successfully changed project path to: D:/UNITY PROJECTS/Procedural Gen
D:/UNITY PROJECTS/Procedural Gen
[UnityMemory] Configuration Parameters - Can be set up in boot.config
    "memorysetup-bucket-allocator-granularity=16"
    "memorysetup-bucket-allocator-bucket-count=8"
    "memorysetup-bucket-allocator-block-size=33554432"
    "memorysetup-bucket-allocator-block-count=8"
    "memorysetup-main-allocator-block-size=16777216"
    "memorysetup-thread-allocator-block-size=16777216"
    "memorysetup-gfx-main-allocator-block-size=16777216"
    "memorysetup-gfx-thread-allocator-block-size=16777216"
    "memorysetup-cache-allocator-block-size=4194304"
    "memorysetup-typetree-allocator-block-size=2097152"
    "memorysetup-profiler-bucket-allocator-granularity=16"
    "memorysetup-profiler-bucket-allocator-bucket-count=8"
    "memorysetup-profiler-bucket-allocator-block-size=33554432"
    "memorysetup-profiler-bucket-allocator-block-count=8"
    "memorysetup-profiler-allocator-block-size=16777216"
    "memorysetup-profiler-editor-allocator-block-size=1048576"
    "memorysetup-temp-allocator-size-main=16777216"
    "memorysetup-job-temp-allocator-block-size=2097152"
    "memorysetup-job-temp-allocator-block-size-background=1048576"
    "memorysetup-job-temp-allocator-reduction-small-platforms=262144"
    "memorysetup-allocator-temp-initial-block-size-main=262144"
    "memorysetup-allocator-temp-initial-block-size-worker=262144"
    "memorysetup-temp-allocator-size-background-worker=32768"
    "memorysetup-temp-allocator-size-job-worker=262144"
    "memorysetup-temp-allocator-size-preload-manager=33554432"
    "memorysetup-temp-allocator-size-nav-mesh-worker=65536"
    "memorysetup-temp-allocator-size-audio-worker=65536"
    "memorysetup-temp-allocator-size-cloud-worker=32768"
    "memorysetup-temp-allocator-size-gi-baking-worker=262144"
    "memorysetup-temp-allocator-size-gi-baking-worker=262144"
    "memorysetup-temp-allocator-size-gi-baking-worker=262144"
    "memorysetup-temp-allocator-size-gi-baking-worker=262144"
    "memorysetup-temp-allocator-size-gi-baking-worker=262144"
    "memorysetup-temp-allocator-size-gfx=262144"
Player connection [35960]  Target information:

Player connection [35960]  * "[IP] 10.81.11.116 [Port] 0 [Flags] 2 [Guid] 2389695290 [EditorId] 2389695290 [Version] 1048832 [Id] WindowsEditor(7,LenovoSupreme) [Debug] 1 [PackageName] WindowsEditor [ProjectName] Editor" 

Player connection [35960] Host joined multi-casting on [225.0.0.222:54997]...
Player connection [35960] Host joined alternative multi-casting on [225.0.0.222:34997]...
JobSystem: Creating JobQueue using job-worker-count value 7
[Physics::Module] Initialized fallback backend.
[Physics::Module] Id: 0xdecafbad
Library Redirect Path: Library/
[Physics::Module] Selected backend.
[Physics::Module] Name: PhysX
[Physics::Module] Id: 0xf2b8ea05
[Physics::Module] SDK Version: 4.1.2
[Physics::Module] Integration Version: 1.0.0
[Physics::Module] Threading Mode: Multi-Threaded
Refreshing native plugins compatible for Editor in 606.87 ms, found 4 plugins.
Preloading 0 native plugins for Editor in 0.00 ms.
Initialize engine version: 6000.0.31f1 (a206c360e2a8)
[Subsystems] Discovering subsystems at path D:/Downloads/6000.0.31f1/Editor/Data/Resources/UnitySubsystems
[Subsystems] Discovering subsystems at path D:/UNITY PROJECTS/Procedural Gen/Assets
GfxDevice: creating device client; kGfxThreadingModeNonThreaded
Direct3D:
    Version:  Direct3D 11.0 [level 11.1]
    Renderer: NVIDIA GeForce RTX 3050 6GB Laptop GPU (ID=0x25ec)
    Vendor:   NVIDIA
    VRAM:     6002 MB
    Driver:   32.0.15.6626
Initialize mono
Mono path[0] = 'D:/Downloads/6000.0.31f1/Editor/Data/Managed'
Mono path[1] = 'D:/Downloads/6000.0.31f1/Editor/Data/MonoBleedingEdge/lib/mono/unityjit-win32'
Mono config path = 'D:/Downloads/6000.0.31f1/Editor/Data/MonoBleedingEdge/etc'
Using monoOptions --debugger-agent=transport=dt_socket,embedding=1,server=y,suspend=n,address=127.0.0.1:56232
Begin MonoManager ReloadAssembly
Registering precompiled unity dll's ...
Register platform support module: D:/Downloads/6000.0.31f1/Editor/Data/PlaybackEngines/WindowsStandaloneSupport/UnityEditor.WindowsStandalone.Extensions.dll
Registered in 0.006225 seconds.
- Loaded All Assemblies, in  0.657 seconds
Native extension for WindowsStandalone target not found
Mono: successfully reloaded assembly
- Finished resetting the current domain, in  0.470 seconds
Domain Reload Profiling: 1128ms
	BeginReloadAssembly (292ms)
		ExecutionOrderSort (0ms)
		DisableScriptedObjects (0ms)
		BackupInstance (0ms)
		ReleaseScriptingObjects (0ms)
		CreateAndSetChildDomain (1ms)
	RebuildCommonClasses (76ms)
	RebuildNativeTypeToScriptingClass (14ms)
	initialDomainReloadingComplete (84ms)
	LoadAllAssembliesAndSetupDomain (190ms)
		LoadAssemblies (291ms)
		RebuildTransferFunctionScriptingTraits (0ms)
		AnalyzeDomain (187ms)
			TypeCache.Refresh (185ms)
				TypeCache.ScanAssembly (170ms)
			BuildScriptInfoCaches (0ms)
			ResolveRequiredComponents (1ms)
	FinalizeReload (471ms)
		ReleaseScriptCaches (0ms)
		RebuildScriptCaches (0ms)
		SetupLoadedEditorAssemblies (398ms)
			LogAssemblyErrors (0ms)
			InitializePlatformSupportModulesInManaged (29ms)
			SetLoadedEditorAssemblies (6ms)
			BeforeProcessingInitializeOnLoad (64ms)
			ProcessInitializeOnLoadAttributes (168ms)
			ProcessInitializeOnLoadMethodAttributes (131ms)
			AfterProcessingInitializeOnLoad (0ms)
			EditorAssembliesLoaded (0ms)
		ExecutionOrderSort2 (0ms)
		AwakeInstancesAfterBackupRestoration (0ms)
========================================================================
Worker process is ready to serve import requests
Import Worker Mode flag is 0x00
Begin MonoManager ReloadAssembly
- Loaded All Assemblies, in  1.393 seconds
Refreshing native plugins compatible for Editor in 2.50 ms, found 4 plugins.
Native extension for WindowsStandalone target not found
Mono: successfully reloaded assembly
- Finished resetting the current domain, in  2.121 seconds
Domain Reload Profiling: 3506ms
	BeginReloadAssembly (276ms)
		ExecutionOrderSort (0ms)
		DisableScriptedObjects (12ms)
		BackupInstance (0ms)
		ReleaseScriptingObjects (0ms)
		CreateAndSetChildDomain (38ms)
	RebuildCommonClasses (38ms)
	RebuildNativeTypeToScriptingClass (13ms)
	initialDomainReloadingComplete (39ms)
	LoadAllAssembliesAndSetupDomain (1019ms)
		LoadAssemblies (677ms)
		RebuildTransferFunctionScriptingTraits (0ms)
		AnalyzeDomain (527ms)
			TypeCache.Refresh (312ms)
				TypeCache.ScanAssembly (278ms)
			BuildScriptInfoCaches (183ms)
			ResolveRequiredComponents (27ms)
	FinalizeReload (2122ms)
		ReleaseScriptCaches (0ms)
		RebuildScriptCaches (0ms)
		SetupLoadedEditorAssemblies (1008ms)
			LogAssemblyErrors (0ms)
			InitializePlatformSupportModulesInManaged (3ms)
			SetLoadedEditorAssemblies (5ms)
			BeforeProcessingInitializeOnLoad (124ms)
			ProcessInitializeOnLoadAttributes (703ms)
			ProcessInitializeOnLoadMethodAttributes (170ms)
			AfterProcessingInitializeOnLoad (2ms)
			EditorAssembliesLoaded (0ms)
		ExecutionOrderSort2 (0ms)
		AwakeInstancesAfterBackupRestoration (6ms)
Launched and connected shader compiler UnityShaderCompiler.exe after 0.05 seconds
Refreshing native plugins compatible for Editor in 3.12 ms, found 4 plugins.
Preloading 0 native plugins for Editor in 0.00 ms.
Unloading 220 Unused Serialized files (Serialized files now loaded: 0)
Unloading 6637 unused Assets / (25.1 MB). Loaded Objects now: 7336.
Memory consumption went from 181.3 MB to 156.2 MB.
Total: 8.861300 ms (FindLiveObjects: 1.548700 ms CreateObjectMapping: 0.345900 ms MarkObjects: 4.953800 ms  DeleteObjects: 2.011600 ms)

========================================================================
Received Import Request.
  Time since last request: 123702.381964 seconds.
  path: Assets/Fonts/Bangers SDF.asset
  artifactKey: Guid(e59133ea41400a940a9c486df2e33732) Importer(815301076,1909f56bfc062723c751e8b465ee728b)
Start importing Assets/Fonts/Bangers SDF.asset using Guid(e59133ea41400a940a9c486df2e33732) Importer(815301076,1909f56bfc062723c751e8b465ee728b) (PreviewImporter) -> (artifact id: '7c4cbad3fc39a83ffe1e3fcb07127ebd') in 0.649091 seconds
Number of updated asset objects reloaded before import = 0Number of asset objects unloaded after import = 6

========================================================================
Received Import Request.
  Time since last request: 39.168027 seconds.
  path: Assets/Fonts/Bangers SDF.asset
  artifactKey: Guid(e59133ea41400a940a9c486df2e33732) Importer(815301076,1909f56bfc062723c751e8b465ee728b)
Start importing Assets/Fonts/Bangers SDF.asset using Guid(e59133ea41400a940a9c486df2e33732) Importer(815301076,1909f56bfc062723c751e8b465ee728b) (PreviewImporter) -> (artifact id: 'c39c65bfb0289733dcfcee744053abf0') in 0.0526424 seconds
Number of updated asset objects reloaded before import = 0Number of asset objects unloaded after import = 6

========================================================================
Received Import Request.
  Time since last request: 33.487079 seconds.
  path: Assets/Scenes/Vehicle.unity
  artifactKey: Guid(c735b97740bceb14e88990ceeb2e0929) Importer(815301076,1909f56bfc062723c751e8b465ee728b)
Start importing Assets/Scenes/Vehicle.unity using Guid(c735b97740bceb14e88990ceeb2e0929) Importer(815301076,1909f56bfc062723c751e8b465ee728b) (PreviewImporter) -> (artifact id: '097e3e2ba9b911daa9bf9836b5677c8a') in 0.0013334 seconds
Number of updated asset objects reloaded before import = 0Number of asset objects unloaded after import = 0

========================================================================
Received Import Request.
  Time since last request: 1201.362682 seconds.
  path: Assets/Sprites - 2/Back.png
  artifactKey: Guid(68c4605441d096442ad89e13850f13b9) Importer(815301076,1909f56bfc062723c751e8b465ee728b)
Start importing Assets/Sprites - 2/Back.png using Guid(68c4605441d096442ad89e13850f13b9) Importer(815301076,1909f56bfc062723c751e8b465ee728b) (PreviewImporter) -> (artifact id: '1b56c76ad4eec3c81fe01e66918d929a') in 0.1610142 seconds
Number of updated asset objects reloaded before import = 0Number of asset objects unloaded after import = 3

========================================================================
Received Import Request.
  Time since last request: 0.000388 seconds.
  path: Assets/Sprites - 2/icons8-setting-51.png
  artifactKey: Guid(6006c7c54108d68418916d75652df035) Importer(815301076,1909f56bfc062723c751e8b465ee728b)
Start importing Assets/Sprites - 2/icons8-setting-51.png using Guid(6006c7c54108d68418916d75652df035) Importer(815301076,1909f56bfc062723c751e8b465ee728b) (PreviewImporter) -> (artifact id: '55f0661fbcfa3a2eaed4c4aa67810210') in 0.0256624 seconds
Number of updated asset objects reloaded before import = 0Number of asset objects unloaded after import = 3

========================================================================
Received Import Request.
  Time since last request: 0.000048 seconds.
  path: Assets/Sprites - 2/ChopperRearWheel.png
  artifactKey: Guid(293506684fe0a334eb6d507c3a8409c9) Importer(815301076,1909f56bfc062723c751e8b465ee728b)
Start importing Assets/Sprites - 2/ChopperRearWheel.png using Guid(293506684fe0a334eb6d507c3a8409c9) Importer(815301076,1909f56bfc062723c751e8b465ee728b) (PreviewImporter) -> (artifact id: 'e3574cd48950a2476da8392285cee24f') in 0.0229306 seconds
Number of updated asset objects reloaded before import = 0Number of asset objects unloaded after import = 3

========================================================================
Received Import Request.
  Time since last request: 0.000039 seconds.
  path: Assets/Sprites - 2/Background Final.png
  artifactKey: Guid(26bc07dd2d53e2a40a4088cef5ad78ed) Importer(815301076,1909f56bfc062723c751e8b465ee728b)
Start importing Assets/Sprites - 2/Background Final.png using Guid(26bc07dd2d53e2a40a4088cef5ad78ed) Importer(815301076,1909f56bfc062723c751e8b465ee728b) (PreviewImporter) -> (artifact id: 'f6369b41da66f242766a760eeac7e84a') in 0.0379594 seconds
Number of updated asset objects reloaded before import = 0Number of asset objects unloaded after import = 3

========================================================================
Received Import Request.
  Time since last request: 0.000028 seconds.
  path: Assets/Sprites - 2/Name.png
  artifactKey: Guid(84684c0cd34d9a14ebd3bfd28c9452bd) Importer(815301076,1909f56bfc062723c751e8b465ee728b)
Start importing Assets/Sprites - 2/Name.png using Guid(84684c0cd34d9a14ebd3bfd28c9452bd) Importer(815301076,1909f56bfc062723c751e8b465ee728b) (PreviewImporter) -> (artifact id: '31af8763bf3bd389390e2d1242f0bdee') in 0.0323763 seconds
Number of updated asset objects reloaded before import = 0Number of asset objects unloaded after import = 3

========================================================================
Received Import Request.
  Time since last request: 0.000037 seconds.
  path: Assets/Sprites - 2/Iconnn.png
  artifactKey: Guid(e486bf3a22390144abb25c3f3eeb3bf6) Importer(815301076,1909f56bfc062723c751e8b465ee728b)
Start importing Assets/Sprites - 2/Iconnn.png using Guid(e486bf3a22390144abb25c3f3eeb3bf6) Importer(815301076,1909f56bfc062723c751e8b465ee728b) (PreviewImporter) -> (artifact id: 'f84cda6ea1aa3dd0ef3ea7347cc011d2') in 0.2198307 seconds
Number of updated asset objects reloaded before import = 0Number of asset objects unloaded after import = 58

========================================================================
Received Import Request.
  Time since last request: 0.000044 seconds.
  path: Assets/Sprites - 2/icons8-setting-50.png
  artifactKey: Guid(b1f1056c1478f1a4eb7ac81f93d75d55) Importer(815301076,1909f56bfc062723c751e8b465ee728b)
Start importing Assets/Sprites - 2/icons8-setting-50.png using Guid(b1f1056c1478f1a4eb7ac81f93d75d55) Importer(815301076,1909f56bfc062723c751e8b465ee728b) (PreviewImporter) -> (artifact id: '382b9cbe6f2741c2fb21f652f04b4a51') in 0.0261203 seconds
Number of updated asset objects reloaded before import = 0Number of asset objects unloaded after import = 3

========================================================================
Received Import Request.
  Time since last request: 0.000054 seconds.
  path: Assets/Sprites - 2/Forward pressed.png
  artifactKey: Guid(8fb84a549aef7524188c5d0c1290fd15) Importer(815301076,1909f56bfc062723c751e8b465ee728b)
Start importing Assets/Sprites - 2/Forward pressed.png using Guid(8fb84a549aef7524188c5d0c1290fd15) Importer(815301076,1909f56bfc062723c751e8b465ee728b) (PreviewImporter) -> (artifact id: '85bdc802f9b87626a5ca880926154c5d') in 0.027075 seconds
Number of updated asset objects reloaded before import = 0Number of asset objects unloaded after import = 3

========================================================================
Received Import Request.
  Time since last request: 0.000105 seconds.
  path: Assets/Sprites - 2/LOADING BAR.png
  artifactKey: Guid(96b56d5209f759b4b92e5498f40fd866) Importer(815301076,1909f56bfc062723c751e8b465ee728b)
Start importing Assets/Sprites - 2/LOADING BAR.png using Guid(96b56d5209f759b4b92e5498f40fd866) Importer(815301076,1909f56bfc062723c751e8b465ee728b) (PreviewImporter) -> (artifact id: '6443673fc977e4e4e72f445062c37705') in 0.0319515 seconds
Number of updated asset objects reloaded before import = 0Number of asset objects unloaded after import = 3

========================================================================
Received Import Request.
  Time since last request: 0.000024 seconds.
  path: Assets/Sprites - 2/Settings.png
  artifactKey: Guid(d7a3c753d6d9abd4882dd8ce76f696fc) Importer(815301076,1909f56bfc062723c751e8b465ee728b)
Start importing Assets/Sprites - 2/Settings.png using Guid(d7a3c753d6d9abd4882dd8ce76f696fc) Importer(815301076,1909f56bfc062723c751e8b465ee728b) (PreviewImporter) -> (artifact id: '33c3bb6a9ca54da8337f8d4ad4aac372') in 0.0449944 seconds
Number of updated asset objects reloaded before import = 0Number of asset objects unloaded after import = 3

========================================================================
Received Import Request.
  Time since last request: 0.000033 seconds.
  path: Assets/Sprites - 2/Screenshot 2025-01-01 155717.png
  artifactKey: Guid(0e8a6c389c4e5ce4f97c797ab8373668) Importer(815301076,1909f56bfc062723c751e8b465ee728b)
Start importing Assets/Sprites - 2/Screenshot 2025-01-01 155717.png using Guid(0e8a6c389c4e5ce4f97c797ab8373668) Importer(815301076,1909f56bfc062723c751e8b465ee728b) (PreviewImporter) -> (artifact id: '975a27aba1af7d352e8d6655aa125f4b') in 0.0279491 seconds
Number of updated asset objects reloaded before import = 0Number of asset objects unloaded after import = 3

========================================================================
Received Import Request.
  Time since last request: 0.000045 seconds.
  path: Assets/Sprites - 2/Forward.png
  artifactKey: Guid(f00740cc4cdae844c91de9582512259d) Importer(815301076,1909f56bfc062723c751e8b465ee728b)
Start importing Assets/Sprites - 2/Forward.png using Guid(f00740cc4cdae844c91de9582512259d) Importer(815301076,1909f56bfc062723c751e8b465ee728b) (PreviewImporter) -> (artifact id: '6b98a66d7604733fae468a23b25f37f0') in 0.0256636 seconds
Number of updated asset objects reloaded before import = 0Number of asset objects unloaded after import = 3

========================================================================
Received Import Request.
  Time since last request: 0.000026 seconds.
  path: Assets/Sprites - 2/Biker st.png
  artifactKey: Guid(46fe3fa9d0343ac41a89f5302374529d) Importer(815301076,1909f56bfc062723c751e8b465ee728b)
Start importing Assets/Sprites - 2/Biker st.png using Guid(46fe3fa9d0343ac41a89f5302374529d) Importer(815301076,1909f56bfc062723c751e8b465ee728b) (PreviewImporter) -> (artifact id: '427c16af54f6548cd32257584094ba0f') in 0.0338629 seconds
Number of updated asset objects reloaded before import = 0Number of asset objects unloaded after import = 3

========================================================================
Received Import Request.
  Time since last request: 0.684035 seconds.
  path: Assets/Sprites - 2
  artifactKey: Guid(6009c4b4e2d744a46be93adc6fe06106) Importer(815301076,1909f56bfc062723c751e8b465ee728b)
Start importing Assets/Sprites - 2 using Guid(6009c4b4e2d744a46be93adc6fe06106) Importer(815301076,1909f56bfc062723c751e8b465ee728b) (PreviewImporter) -> (artifact id: 'bbf45b28a53dda886f2dd08d13205319') in 0.0008792 seconds
Number of updated asset objects reloaded before import = 0Number of asset objects unloaded after import = 0

Editor requested this worker to shutdown with reason: Scaling down because of idle timeout
AssetImportWorkerClient::OnTransportError - code=2 error=End of file
AssetImportWorker is now disconnected from the server
Process exiting
Exiting without the bug reporter. Application will terminate with return code 0